#
# There is insufficient memory for the Java Runtime Environment to continue.
# Native memory allocation (malloc) failed to allocate 666016 bytes for Chunk::new
# Possible reasons:
#   The system is out of physical RAM or swap space
#   The process is running with CompressedOops enabled, and the Java Heap may be blocking the growth of the native heap
# Possible solutions:
#   Reduce memory load on the system
#   Increase physical memory or swap space
#   Check if swap backing store is full
#   Decrease Java heap size (-Xmx/-Xms)
#   Decrease number of Java threads
#   Decrease Java thread stack sizes (-Xss)
#   Set larger code cache with -XX:ReservedCodeCacheSize=
#   JVM is running with Unscaled Compressed Oops mode in which the Java heap is
#     placed in the first 4GB address space. The Java Heap base address is the
#     maximum limit for the native heap growth. Please use -XX:HeapBaseMinAddress
#     to set the Java Heap base and to place the Java Heap above 4GB virtual address.
# This output file may be truncated or incomplete.
#
#  Out of Memory Error (arena.cpp:189), pid=9700, tid=10652
#
# JRE version: Java(TM) SE Runtime Environment (17.0.12+8) (build 17.0.12+8-LTS-286)
# Java VM: Java HotSpot(TM) 64-Bit Server VM (17.0.12+8-LTS-286, mixed mode, sharing, tiered, compressed oops, compressed class ptrs, g1 gc, windows-amd64)
# No core dump will be written. Minidumps are not enabled by default on client versions of Windows
#

---------------  S U M M A R Y ------------

Command Line: -javaagent:C:\Program Files\JetBrains\IntelliJ IDEA Community Edition 2024.2.2\lib\idea_rt.jar=54952:C:\Program Files\JetBrains\IntelliJ IDEA Community Edition 2024.2.2\bin -Dfile.encoding=UTF-8 com.alura.LiterAlura.LiterAluraApplication

Host: Intel(R) Core(TM) i5-4310M CPU @ 2.70GHz, 4 cores, 3G,  Windows 10 , 64 bit Build 19041 (10.0.19041.4957)
Time: Thu Nov 14 15:57:06 2024 Hora est. Pacífico, Sudamérica elapsed time: 6.116858 seconds (0d 0h 0m 6s)

---------------  T H R E A D  ---------------

Current thread (0x000001732ce3a8a0):  JavaThread "C2 CompilerThread0" daemon [_thread_in_native, id=10652, stack(0x0000004220a00000,0x0000004220b00000)]


Current CompileTask:
C2:   6143 1530       4       jdk.internal.org.objectweb.asm.Frame::execute (2305 bytes)

Stack: [0x0000004220a00000,0x0000004220b00000]
Native frames: (J=compiled Java code, j=interpreted, Vv=VM code, C=native code)
V  [jvm.dll+0x67a04a]
V  [jvm.dll+0x7da4ed]
V  [jvm.dll+0x7dbe33]
V  [jvm.dll+0x7dc4a3]
V  [jvm.dll+0x24508f]
V  [jvm.dll+0xab773]
V  [jvm.dll+0xabd3c]
V  [jvm.dll+0x2aa52f]
V  [jvm.dll+0x581eb9]
V  [jvm.dll+0x21f422]
V  [jvm.dll+0x21811b]
V  [jvm.dll+0x215b65]
V  [jvm.dll+0x1a2960]
V  [jvm.dll+0x22610b]
V  [jvm.dll+0x2242ab]
V  [jvm.dll+0x79075c]
V  [jvm.dll+0x78abea]
V  [jvm.dll+0x678f35]
C  [ucrtbase.dll+0x21bb2]
C  [KERNEL32.DLL+0x17374]
C  [ntdll.dll+0x4cc91]


---------------  P R O C E S S  ---------------

Threads class SMR info:
_java_thread_list=0x000001738d86b610, length=13, elements={
0x000001732cd69920, 0x000001732ce138d0, 0x000001732ce14460, 0x000001732ce27190,
0x000001732ce28a70, 0x000001732ce29960, 0x000001732ce2bde0, 0x000001732ce3a8a0,
0x000001732ce3c5d0, 0x000001732ce2b3c0, 0x000001732ce2d730, 0x000001732ce2c800,
0x000001732ce2a9a0
}

Java Threads: ( => current thread )
  0x000001732cd69920 JavaThread "main" [_thread_in_vm, id=7992, stack(0x000000421fd00000,0x000000421fe00000)]
  0x000001732ce138d0 JavaThread "Reference Handler" daemon [_thread_blocked, id=11748, stack(0x0000004220400000,0x0000004220500000)]
  0x000001732ce14460 JavaThread "Finalizer" daemon [_thread_blocked, id=10392, stack(0x0000004220500000,0x0000004220600000)]
  0x000001732ce27190 JavaThread "Signal Dispatcher" daemon [_thread_blocked, id=12228, stack(0x0000004220600000,0x0000004220700000)]
  0x000001732ce28a70 JavaThread "Attach Listener" daemon [_thread_blocked, id=2828, stack(0x0000004220700000,0x0000004220800000)]
  0x000001732ce29960 JavaThread "Service Thread" daemon [_thread_blocked, id=604, stack(0x0000004220800000,0x0000004220900000)]
  0x000001732ce2bde0 JavaThread "Monitor Deflation Thread" daemon [_thread_blocked, id=9404, stack(0x0000004220900000,0x0000004220a00000)]
=>0x000001732ce3a8a0 JavaThread "C2 CompilerThread0" daemon [_thread_in_native, id=10652, stack(0x0000004220a00000,0x0000004220b00000)]
  0x000001732ce3c5d0 JavaThread "C1 CompilerThread0" daemon [_thread_blocked, id=4508, stack(0x0000004220b00000,0x0000004220c00000)]
  0x000001732ce2b3c0 JavaThread "Sweeper thread" daemon [_thread_blocked, id=6068, stack(0x0000004220c00000,0x0000004220d00000)]
  0x000001732ce2d730 JavaThread "Common-Cleaner" daemon [_thread_blocked, id=7520, stack(0x0000004220d00000,0x0000004220e00000)]
  0x000001732ce2c800 JavaThread "Monitor Ctrl-Break" daemon [_thread_in_native, id=8080, stack(0x0000004220e00000,0x0000004220f00000)]
  0x000001732ce2a9a0 JavaThread "Notification Thread" daemon [_thread_blocked, id=1888, stack(0x0000004220f00000,0x0000004221000000)]

Other Threads:
  0x000001732ce0cea0 VMThread "VM Thread" [stack: 0x0000004220300000,0x0000004220400000] [id=7776]
  0x000001732cdafc60 WatcherThread [stack: 0x0000004221000000,0x0000004221100000] [id=11900]
  0x000001732cd9fbd0 GCTaskThread "GC Thread#0" [stack: 0x000000421fe00000,0x000000421ff00000] [id=12424]
  0x000001738d74cc90 GCTaskThread "GC Thread#1" [stack: 0x0000004221100000,0x0000004221200000] [id=10296]
  0x000001738d77a2d0 GCTaskThread "GC Thread#2" [stack: 0x0000004221200000,0x0000004221300000] [id=7828]
  0x000001738d792770 GCTaskThread "GC Thread#3" [stack: 0x0000004221300000,0x0000004221400000] [id=8452]
  0x000001732cda8680 ConcurrentGCThread "G1 Main Marker" [stack: 0x000000421ff00000,0x0000004220000000] [id=10200]
  0x000001732cda9640 ConcurrentGCThread "G1 Conc#0" [stack: 0x0000004220000000,0x0000004220100000] [id=9076]
  0x000001732cde8b80 ConcurrentGCThread "G1 Refine#0" [stack: 0x0000004220100000,0x0000004220200000] [id=13072]
  0x000001732cdea3d0 ConcurrentGCThread "G1 Service" [stack: 0x0000004220200000,0x0000004220300000] [id=13584]

Threads with active compile tasks:
C2 CompilerThread0     6442 1530       4       jdk.internal.org.objectweb.asm.Frame::execute (2305 bytes)

VM state: not at safepoint (normal execution)

VM Mutex/Monitor currently owned by a thread:  ([mutex/lock_event])
[0x000001732cd61db0] Metaspace_lock - owner thread: 0x000001732cd69920

Heap address: 0x00000000c9600000, size: 874 MB, Compressed Oops mode: 32-bit

CDS archive(s) mapped at: [0x0000017348000000-0x0000017348bd0000-0x0000017348bd0000), size 12386304, SharedBaseAddress: 0x0000017348000000, ArchiveRelocationMode: 1.
Compressed class space mapped at: 0x0000017349000000-0x0000017389000000, reserved size: 1073741824
Narrow klass base: 0x0000017348000000, Narrow klass shift: 0, Narrow klass range: 0x100000000

GC Precious Log:
 CPUs: 4 total, 4 available
 Memory: 3491M
 Large Page Support: Disabled
 NUMA Support: Disabled
 Compressed Oops: Enabled (32-bit)
 Heap Region Size: 1M
 Heap Min Capacity: 8M
 Heap Initial Capacity: 56M
 Heap Max Capacity: 874M
 Pre-touch: Disabled
 Parallel Workers: 4
 Concurrent Workers: 1
 Concurrent Refinement Workers: 4
 Periodic GC: Disabled

Heap:
 garbage-first heap   total 57344K, used 7437K [0x00000000c9600000, 0x0000000100000000)
  region size 1024K, 6 young (6144K), 2 survivors (2048K)
 Metaspace       used 9505K, committed 9728K, reserved 1114112K
  class space    used 1221K, committed 1344K, reserved 1048576K

Heap Regions: E=young(eden), S=young(survivor), O=old, HS=humongous(starts), HC=humongous(continues), CS=collection set, F=free, OA=open archive, CA=closed archive, TAMS=top-at-mark-start (previous, next)
|   0|0x00000000c9600000, 0x00000000c9700000, 0x00000000c9700000|100%| O|  |TAMS 0x00000000c9600000, 0x00000000c9600000| Untracked 
|   1|0x00000000c9700000, 0x00000000c9800000, 0x00000000c9800000|100%| O|  |TAMS 0x00000000c9700000, 0x00000000c9700000| Untracked 
|   2|0x00000000c9800000, 0x00000000c9900000, 0x00000000c9900000|100%| O|  |TAMS 0x00000000c9800000, 0x00000000c9800000| Untracked 
|   3|0x00000000c9900000, 0x00000000c9900000, 0x00000000c9a00000|  0%| F|  |TAMS 0x00000000c9900000, 0x00000000c9900000| Untracked 
|   4|0x00000000c9a00000, 0x00000000c9a00000, 0x00000000c9b00000|  0%| F|  |TAMS 0x00000000c9a00000, 0x00000000c9a00000| Untracked 
|   5|0x00000000c9b00000, 0x00000000c9b00000, 0x00000000c9c00000|  0%| F|  |TAMS 0x00000000c9b00000, 0x00000000c9b00000| Untracked 
|   6|0x00000000c9c00000, 0x00000000c9c00000, 0x00000000c9d00000|  0%| F|  |TAMS 0x00000000c9c00000, 0x00000000c9c00000| Untracked 
|   7|0x00000000c9d00000, 0x00000000c9d00000, 0x00000000c9e00000|  0%| F|  |TAMS 0x00000000c9d00000, 0x00000000c9d00000| Untracked 
|   8|0x00000000c9e00000, 0x00000000c9e00000, 0x00000000c9f00000|  0%| F|  |TAMS 0x00000000c9e00000, 0x00000000c9e00000| Untracked 
|   9|0x00000000c9f00000, 0x00000000c9f00000, 0x00000000ca000000|  0%| F|  |TAMS 0x00000000c9f00000, 0x00000000c9f00000| Untracked 
|  10|0x00000000ca000000, 0x00000000ca000000, 0x00000000ca100000|  0%| F|  |TAMS 0x00000000ca000000, 0x00000000ca000000| Untracked 
|  11|0x00000000ca100000, 0x00000000ca100000, 0x00000000ca200000|  0%| F|  |TAMS 0x00000000ca100000, 0x00000000ca100000| Untracked 
|  12|0x00000000ca200000, 0x00000000ca200000, 0x00000000ca300000|  0%| F|  |TAMS 0x00000000ca200000, 0x00000000ca200000| Untracked 
|  13|0x00000000ca300000, 0x00000000ca300000, 0x00000000ca400000|  0%| F|  |TAMS 0x00000000ca300000, 0x00000000ca300000| Untracked 
|  14|0x00000000ca400000, 0x00000000ca400000, 0x00000000ca500000|  0%| F|  |TAMS 0x00000000ca400000, 0x00000000ca400000| Untracked 
|  15|0x00000000ca500000, 0x00000000ca500000, 0x00000000ca600000|  0%| F|  |TAMS 0x00000000ca500000, 0x00000000ca500000| Untracked 
|  16|0x00000000ca600000, 0x00000000ca600000, 0x00000000ca700000|  0%| F|  |TAMS 0x00000000ca600000, 0x00000000ca600000| Untracked 
|  17|0x00000000ca700000, 0x00000000ca700000, 0x00000000ca800000|  0%| F|  |TAMS 0x00000000ca700000, 0x00000000ca700000| Untracked 
|  18|0x00000000ca800000, 0x00000000ca800000, 0x00000000ca900000|  0%| F|  |TAMS 0x00000000ca800000, 0x00000000ca800000| Untracked 
|  19|0x00000000ca900000, 0x00000000ca900000, 0x00000000caa00000|  0%| F|  |TAMS 0x00000000ca900000, 0x00000000ca900000| Untracked 
|  20|0x00000000caa00000, 0x00000000caa00000, 0x00000000cab00000|  0%| F|  |TAMS 0x00000000caa00000, 0x00000000caa00000| Untracked 
|  21|0x00000000cab00000, 0x00000000cab00000, 0x00000000cac00000|  0%| F|  |TAMS 0x00000000cab00000, 0x00000000cab00000| Untracked 
|  22|0x00000000cac00000, 0x00000000cac00000, 0x00000000cad00000|  0%| F|  |TAMS 0x00000000cac00000, 0x00000000cac00000| Untracked 
|  23|0x00000000cad00000, 0x00000000cad00000, 0x00000000cae00000|  0%| F|  |TAMS 0x00000000cad00000, 0x00000000cad00000| Untracked 
|  24|0x00000000cae00000, 0x00000000cae00000, 0x00000000caf00000|  0%| F|  |TAMS 0x00000000cae00000, 0x00000000cae00000| Untracked 
|  25|0x00000000caf00000, 0x00000000caf00000, 0x00000000cb000000|  0%| F|  |TAMS 0x00000000caf00000, 0x00000000caf00000| Untracked 
|  26|0x00000000cb000000, 0x00000000cb000000, 0x00000000cb100000|  0%| F|  |TAMS 0x00000000cb000000, 0x00000000cb000000| Untracked 
|  27|0x00000000cb100000, 0x00000000cb100000, 0x00000000cb200000|  0%| F|  |TAMS 0x00000000cb100000, 0x00000000cb100000| Untracked 
|  28|0x00000000cb200000, 0x00000000cb200000, 0x00000000cb300000|  0%| F|  |TAMS 0x00000000cb200000, 0x00000000cb200000| Untracked 
|  29|0x00000000cb300000, 0x00000000cb300000, 0x00000000cb400000|  0%| F|  |TAMS 0x00000000cb300000, 0x00000000cb300000| Untracked 
|  30|0x00000000cb400000, 0x00000000cb400000, 0x00000000cb500000|  0%| F|  |TAMS 0x00000000cb400000, 0x00000000cb400000| Untracked 
|  31|0x00000000cb500000, 0x00000000cb500000, 0x00000000cb600000|  0%| F|  |TAMS 0x00000000cb500000, 0x00000000cb500000| Untracked 
|  32|0x00000000cb600000, 0x00000000cb600000, 0x00000000cb700000|  0%| F|  |TAMS 0x00000000cb600000, 0x00000000cb600000| Untracked 
|  33|0x00000000cb700000, 0x00000000cb700000, 0x00000000cb800000|  0%| F|  |TAMS 0x00000000cb700000, 0x00000000cb700000| Untracked 
|  34|0x00000000cb800000, 0x00000000cb800000, 0x00000000cb900000|  0%| F|  |TAMS 0x00000000cb800000, 0x00000000cb800000| Untracked 
|  35|0x00000000cb900000, 0x00000000cb900000, 0x00000000cba00000|  0%| F|  |TAMS 0x00000000cb900000, 0x00000000cb900000| Untracked 
|  36|0x00000000cba00000, 0x00000000cba00000, 0x00000000cbb00000|  0%| F|  |TAMS 0x00000000cba00000, 0x00000000cba00000| Untracked 
|  37|0x00000000cbb00000, 0x00000000cbb43620, 0x00000000cbc00000| 26%| S|CS|TAMS 0x00000000cbb00000, 0x00000000cbb00000| Complete 
|  38|0x00000000cbc00000, 0x00000000cbd00000, 0x00000000cbd00000|100%| S|CS|TAMS 0x00000000cbc00000, 0x00000000cbc00000| Complete 
|  39|0x00000000cbd00000, 0x00000000cbd00000, 0x00000000cbe00000|  0%| F|  |TAMS 0x00000000cbd00000, 0x00000000cbd00000| Untracked 
|  40|0x00000000cbe00000, 0x00000000cbe00000, 0x00000000cbf00000|  0%| F|  |TAMS 0x00000000cbe00000, 0x00000000cbe00000| Untracked 
|  41|0x00000000cbf00000, 0x00000000cbf00000, 0x00000000cc000000|  0%| F|  |TAMS 0x00000000cbf00000, 0x00000000cbf00000| Untracked 
|  42|0x00000000cc000000, 0x00000000cc000000, 0x00000000cc100000|  0%| F|  |TAMS 0x00000000cc000000, 0x00000000cc000000| Untracked 
|  43|0x00000000cc100000, 0x00000000cc100000, 0x00000000cc200000|  0%| F|  |TAMS 0x00000000cc100000, 0x00000000cc100000| Untracked 
|  44|0x00000000cc200000, 0x00000000cc200000, 0x00000000cc300000|  0%| F|  |TAMS 0x00000000cc200000, 0x00000000cc200000| Untracked 
|  45|0x00000000cc300000, 0x00000000cc300000, 0x00000000cc400000|  0%| F|  |TAMS 0x00000000cc300000, 0x00000000cc300000| Untracked 
|  46|0x00000000cc400000, 0x00000000cc400000, 0x00000000cc500000|  0%| F|  |TAMS 0x00000000cc400000, 0x00000000cc400000| Untracked 
|  47|0x00000000cc500000, 0x00000000cc500000, 0x00000000cc600000|  0%| F|  |TAMS 0x00000000cc500000, 0x00000000cc500000| Untracked 
|  48|0x00000000cc600000, 0x00000000cc600000, 0x00000000cc700000|  0%| F|  |TAMS 0x00000000cc600000, 0x00000000cc600000| Untracked 
|  49|0x00000000cc700000, 0x00000000cc700000, 0x00000000cc800000|  0%| F|  |TAMS 0x00000000cc700000, 0x00000000cc700000| Untracked 
|  50|0x00000000cc800000, 0x00000000cc800000, 0x00000000cc900000|  0%| F|  |TAMS 0x00000000cc800000, 0x00000000cc800000| Untracked 
|  51|0x00000000cc900000, 0x00000000cc900000, 0x00000000cca00000|  0%| F|  |TAMS 0x00000000cc900000, 0x00000000cc900000| Untracked 
|  52|0x00000000cca00000, 0x00000000ccb00000, 0x00000000ccb00000|100%| E|  |TAMS 0x00000000cca00000, 0x00000000cca00000| Complete 
|  53|0x00000000ccb00000, 0x00000000ccc00000, 0x00000000ccc00000|100%| E|CS|TAMS 0x00000000ccb00000, 0x00000000ccb00000| Complete 
|  54|0x00000000ccc00000, 0x00000000ccd00000, 0x00000000ccd00000|100%| E|CS|TAMS 0x00000000ccc00000, 0x00000000ccc00000| Complete 
|  55|0x00000000ccd00000, 0x00000000cce00000, 0x00000000cce00000|100%| E|CS|TAMS 0x00000000ccd00000, 0x00000000ccd00000| Complete 

Card table byte_map: [0x0000017343630000,0x00000173437f0000] _byte_map_base: 0x0000017342fe5000

Marking Bits (Prev, Next): (CMBitMap*) 0x000001732cda1010, (CMBitMap*) 0x000001732cda1050
 Prev Bits: [0x00000173439b0000, 0x0000017344758000)
 Next Bits: [0x0000017344760000, 0x0000017345508000)

Polling page: 0x000001732acc0000

Metaspace:

Usage:
  Non-class:      8.09 MB used.
      Class:      1.19 MB used.
       Both:      9.28 MB used.

Virtual space:
  Non-class space:       64.00 MB reserved,       8.19 MB ( 13%) committed,  1 nodes.
      Class space:        1.00 GB reserved,       1.31 MB ( <1%) committed,  1 nodes.
             Both:        1.06 GB reserved,       9.50 MB ( <1%) committed. 

Chunk freelists:
   Non-Class:  6.98 MB
       Class:  14.58 MB
        Both:  21.56 MB

MaxMetaspaceSize: unlimited
CompressedClassSpaceSize: 1.00 GB
Initial GC threshold: 21.00 MB
Current GC threshold: 21.00 MB
CDS: on
MetaspaceReclaimPolicy: balanced
 - commit_granule_bytes: 65536.
 - commit_granule_words: 8192.
 - virtual_space_node_default_size: 8388608.
 - enlarge_chunks_in_place: 1.
 - new_chunks_are_fully_committed: 0.
 - uncommit_free_chunks: 1.
 - use_allocation_guard: 0.
 - handle_deallocations: 1.


Internal statistics:

num_allocs_failed_limit: 0.
num_arena_births: 180.
num_arena_deaths: 0.
num_vsnodes_births: 2.
num_vsnodes_deaths: 0.
num_space_committed: 152.
num_space_uncommitted: 0.
num_chunks_returned_to_freelist: 0.
num_chunks_taken_from_freelist: 479.
num_chunk_merges: 0.
num_chunk_splits: 313.
num_chunks_enlarged: 233.
num_inconsistent_stats: 0.

CodeHeap 'non-profiled nmethods': size=120000Kb used=499Kb max_used=499Kb free=119501Kb
 bounds [0x000001733c100000, 0x000001733c370000, 0x0000017343630000]
CodeHeap 'profiled nmethods': size=120000Kb used=2930Kb max_used=2930Kb free=117069Kb
 bounds [0x0000017334630000, 0x0000017334910000, 0x000001733bb60000]
CodeHeap 'non-nmethods': size=5760Kb used=1175Kb max_used=1188Kb free=4584Kb
 bounds [0x000001733bb60000, 0x000001733bdd0000, 0x000001733c100000]
 total_blobs=2059 nmethods=1592 adapters=379
 compilation: enabled
              stopped_count=0, restarted_count=0
 full_count=0

Compilation events (20 events):
Event: 6.002 Thread 0x000001732ce3c5d0 1570       3       java.lang.invoke.LambdaFormEditor$TransformKey::<init> (15 bytes)
Event: 6.002 Thread 0x000001732ce3c5d0 nmethod 1570 0x00000173348fe790 code [0x00000173348fe920, 0x00000173348feab8]
Event: 6.003 Thread 0x000001732ce3c5d0 1571       1       org.springframework.core.annotation.AnnotationTypeMapping::getAnnotationType (5 bytes)
Event: 6.003 Thread 0x000001732ce3c5d0 nmethod 1571 0x000001733c17c310 code [0x000001733c17c4a0, 0x000001733c17c578]
Event: 6.003 Thread 0x000001732ce3c5d0 1572       3       jdk.internal.loader.AbstractClassLoaderValue::map (20 bytes)
Event: 6.003 Thread 0x000001732ce3c5d0 nmethod 1572 0x00000173348feb90 code [0x00000173348fed40, 0x00000173348ff028]
Event: 6.004 Thread 0x000001732ce3c5d0 1573       3       java.util.Arrays::fill (21 bytes)
Event: 6.004 Thread 0x000001732ce3c5d0 nmethod 1573 0x00000173348ff190 code [0x00000173348ff320, 0x00000173348ff4b8]
Event: 6.004 Thread 0x000001732ce3c5d0 1575       3       org.springframework.core.annotation.AnnotationsScanner::getDeclaredAnnotations (166 bytes)
Event: 6.005 Thread 0x000001732ce3c5d0 nmethod 1575 0x00000173348ff590 code [0x00000173348ff8a0, 0x0000017334900e58]
Event: 6.005 Thread 0x000001732ce3c5d0 1578       1       org.springframework.core.annotation.AnnotationTypeMapping::getDistance (5 bytes)
Event: 6.005 Thread 0x000001732ce3c5d0 nmethod 1578 0x000001733c17c610 code [0x000001733c17c7a0, 0x000001733c17c878]
Event: 6.005 Thread 0x000001732ce3c5d0 1576       3       java.lang.Class$ReflectionData::<init> (10 bytes)
Event: 6.006 Thread 0x000001732ce3c5d0 nmethod 1576 0x0000017334901310 code [0x00000173349014a0, 0x0000017334901618]
Event: 6.006 Thread 0x000001732ce3c5d0 1577       3       java.lang.Class$Atomic::casReflectionData (13 bytes)
Event: 6.006 Thread 0x000001732ce3c5d0 nmethod 1577 0x0000017334901710 code [0x00000173349018a0, 0x00000173349019f8]
Event: 6.026 Thread 0x000001732ce3c5d0 1579       3       ch.qos.logback.classic.Logger::getChildByName (68 bytes)
Event: 6.027 Thread 0x000001732ce3c5d0 nmethod 1579 0x0000017334901a90 code [0x0000017334901c80, 0x0000017334902228]
Event: 6.027 Thread 0x000001732ce3c5d0 1580       1       ch.qos.logback.classic.spi.LogbackServiceProvider::getLoggerFactory (5 bytes)
Event: 6.027 Thread 0x000001732ce3c5d0 nmethod 1580 0x000001733c17c910 code [0x000001733c17caa0, 0x000001733c17cb78]

GC Heap History (4 events):
Event: 3.649 GC heap before
{Heap before GC invocations=0 (full 0):
 garbage-first heap   total 57344K, used 12288K [0x00000000c9600000, 0x0000000100000000)
  region size 1024K, 13 young (13312K), 0 survivors (0K)
 Metaspace       used 4530K, committed 4672K, reserved 1114112K
  class space    used 507K, committed 576K, reserved 1048576K
}
Event: 3.655 GC heap after
{Heap after GC invocations=1 (full 0):
 garbage-first heap   total 57344K, used 3072K [0x00000000c9600000, 0x0000000100000000)
  region size 1024K, 2 young (2048K), 2 survivors (2048K)
 Metaspace       used 4530K, committed 4672K, reserved 1114112K
  class space    used 507K, committed 576K, reserved 1048576K
}
Event: 5.688 GC heap before
{Heap before GC invocations=1 (full 0):
 garbage-first heap   total 57344K, used 17408K [0x00000000c9600000, 0x0000000100000000)
  region size 1024K, 17 young (17408K), 2 survivors (2048K)
 Metaspace       used 8530K, committed 8704K, reserved 1114112K
  class space    used 1081K, committed 1152K, reserved 1048576K
}
Event: 5.696 GC heap after
{Heap after GC invocations=2 (full 0):
 garbage-first heap   total 57344K, used 4365K [0x00000000c9600000, 0x0000000100000000)
  region size 1024K, 2 young (2048K), 2 survivors (2048K)
 Metaspace       used 8530K, committed 8704K, reserved 1114112K
  class space    used 1081K, committed 1152K, reserved 1048576K
}

Deoptimization events (20 events):
Event: 4.458 Thread 0x000001732cd69920 DEOPT PACKING pc=0x000001733c12da88 sp=0x000000421fdfe000
Event: 4.458 Thread 0x000001732cd69920 DEOPT UNPACKING pc=0x000001733bbb23a3 sp=0x000000421fdfdf60 mode 2
Event: 4.460 Thread 0x000001732cd69920 Uncommon trap: trap_request=0xffffffde fr.pc=0x000001733c1536a0 relative=0x0000000000000980
Event: 4.460 Thread 0x000001732cd69920 Uncommon trap: reason=class_check action=maybe_recompile pc=0x000001733c1536a0 method=java.util.HashMap.putVal(ILjava/lang/Object;Ljava/lang/Object;ZZ)Ljava/lang/Object; @ 91 c2
Event: 4.460 Thread 0x000001732cd69920 DEOPT PACKING pc=0x000001733c1536a0 sp=0x000000421fdfe280
Event: 4.460 Thread 0x000001732cd69920 DEOPT UNPACKING pc=0x000001733bbb23a3 sp=0x000000421fdfe220 mode 2
Event: 4.460 Thread 0x000001732cd69920 Uncommon trap: trap_request=0xffffffde fr.pc=0x000001733c1536a0 relative=0x0000000000000980
Event: 4.460 Thread 0x000001732cd69920 Uncommon trap: reason=class_check action=maybe_recompile pc=0x000001733c1536a0 method=java.util.HashMap.putVal(ILjava/lang/Object;Ljava/lang/Object;ZZ)Ljava/lang/Object; @ 91 c2
Event: 4.460 Thread 0x000001732cd69920 DEOPT PACKING pc=0x000001733c1536a0 sp=0x000000421fdfe280
Event: 4.460 Thread 0x000001732cd69920 DEOPT UNPACKING pc=0x000001733bbb23a3 sp=0x000000421fdfe220 mode 2
Event: 4.645 Thread 0x000001732cd69920 DEOPT PACKING pc=0x0000017334672408 sp=0x000000421fdfcdf0
Event: 4.645 Thread 0x000001732cd69920 DEOPT UNPACKING pc=0x000001733bbb2b43 sp=0x000000421fdfc2f8 mode 0
Event: 4.740 Thread 0x000001732cd69920 Uncommon trap: trap_request=0xffffff45 fr.pc=0x000001733c123764 relative=0x0000000000000244
Event: 4.740 Thread 0x000001732cd69920 Uncommon trap: reason=unstable_if action=reinterpret pc=0x000001733c123764 method=java.lang.String.startsWith(Ljava/lang/String;I)Z @ 1 c2
Event: 4.740 Thread 0x000001732cd69920 DEOPT PACKING pc=0x000001733c123764 sp=0x000000421fdfe640
Event: 4.740 Thread 0x000001732cd69920 DEOPT UNPACKING pc=0x000001733bbb23a3 sp=0x000000421fdfe5a8 mode 2
Event: 5.970 Thread 0x000001732cd69920 Uncommon trap: trap_request=0xffffff45 fr.pc=0x000001733c158860 relative=0x00000000000002c0
Event: 5.970 Thread 0x000001732cd69920 Uncommon trap: reason=unstable_if action=reinterpret pc=0x000001733c158860 method=jdk.internal.org.objectweb.asm.SymbolTable.put(Ljdk/internal/org/objectweb/asm/SymbolTable$Entry;)Ljdk/internal/org/objectweb/asm/SymbolTable$Entry; @ 13 c2
Event: 5.970 Thread 0x000001732cd69920 DEOPT PACKING pc=0x000001733c158860 sp=0x000000421fdfd630
Event: 5.970 Thread 0x000001732cd69920 DEOPT UNPACKING pc=0x000001733bbb23a3 sp=0x000000421fdfd5b0 mode 2

Classes unloaded (0 events):
No events

Classes redefined (0 events):
No events

Internal exceptions (20 events):
Event: 4.477 Thread 0x000001732cd69920 Exception <a 'java/lang/NoSuchMethodError'{0x00000000cc65aca0}: 'void java.lang.invoke.DirectMethodHandle$Holder.invokeSpecial(java.lang.Object, java.lang.Object, java.lang.Object, java.lang.Object, java.lang.Object)'> (0x00000000cc65aca0) 
thrown [s\open\src\hotspot\share\interpreter\linkResolver.cpp, line 759]
Event: 4.702 Thread 0x000001732cd69920 Exception <a 'java/lang/NoSuchMethodError'{0x00000000cc5345e0}: 'java.lang.Object java.lang.invoke.DirectMethodHandle$Holder.invokeSpecial(java.lang.Object, java.lang.Object, java.lang.Object, int, java.lang.Object)'> (0x00000000cc5345e0) 
thrown [s\open\src\hotspot\share\interpreter\linkResolver.cpp, line 759]
Event: 4.704 Thread 0x000001732cd69920 Exception <a 'java/lang/NoSuchMethodError'{0x00000000cc53cc40}: 'java.lang.Object java.lang.invoke.DirectMethodHandle$Holder.newInvokeSpecial(java.lang.Object, java.lang.Object, java.lang.Object, int, java.lang.Object)'> (0x00000000cc53cc40) 
thrown [s\open\src\hotspot\share\interpreter\linkResolver.cpp, line 759]
Event: 4.705 Thread 0x000001732cd69920 Exception <a 'java/lang/NoSuchMethodError'{0x00000000cc544610}: 'java.lang.Object java.lang.invoke.Invokers$Holder.linkToTargetMethod(java.lang.Object, java.lang.Object, int, java.lang.Object, java.lang.Object)'> (0x00000000cc544610) 
thrown [s\open\src\hotspot\share\interpreter\linkResolver.cpp, line 759]
Event: 4.707 Thread 0x000001732cd69920 Exception <a 'java/lang/NoSuchMethodError'{0x00000000cc553508}: 'java.lang.Object java.lang.invoke.DirectMethodHandle$Holder.newInvokeSpecial(java.lang.Object, int, java.lang.Object)'> (0x00000000cc553508) 
thrown [s\open\src\hotspot\share\interpreter\linkResolver.cpp, line 759]
Event: 4.708 Thread 0x000001732cd69920 Exception <a 'java/lang/NoSuchMethodError'{0x00000000cc5581e8}: 'int java.lang.invoke.DirectMethodHandle$Holder.invokeSpecialIFC(java.lang.Object, java.lang.Object, java.lang.Object, java.lang.Object)'> (0x00000000cc5581e8) 
thrown [s\open\src\hotspot\share\interpreter\linkResolver.cpp, line 759]
Event: 4.760 Thread 0x000001732cd69920 Exception <a 'java/lang/NoSuchMethodError'{0x00000000cc419f90}: 'void java.lang.invoke.DirectMethodHandle$Holder.invokeInterface(java.lang.Object, java.lang.Object, java.lang.Object)'> (0x00000000cc419f90) 
thrown [s\open\src\hotspot\share\interpreter\linkResolver.cpp, line 759]
Event: 4.785 Thread 0x000001732cd69920 Exception <a 'java/lang/NoSuchMethodError'{0x00000000cc49d5e0}: 'void java.lang.invoke.DirectMethodHandle$Holder.invokeStaticInit(java.lang.Object, java.lang.Object, java.lang.Object)'> (0x00000000cc49d5e0) 
thrown [s\open\src\hotspot\share\interpreter\linkResolver.cpp, line 759]
Event: 4.789 Thread 0x000001732cd69920 Exception <a 'java/lang/NoSuchMethodError'{0x00000000cc4b9468}: 'java.lang.Object java.lang.invoke.DirectMethodHandle$Holder.invokeVirtual(java.lang.Object, java.lang.Object, java.lang.Object)'> (0x00000000cc4b9468) 
thrown [s\open\src\hotspot\share\interpreter\linkResolver.cpp, line 759]
Event: 4.812 Thread 0x000001732cd69920 Exception <a 'java/lang/NoSuchMethodError'{0x00000000cc4d9c68}: 'java.lang.Object java.lang.invoke.DirectMethodHandle$Holder.invokeStatic(java.lang.Object, java.lang.Object, long, java.lang.Object)'> (0x00000000cc4d9c68) 
thrown [s\open\src\hotspot\share\interpreter\linkResolver.cpp, line 759]
Event: 4.812 Thread 0x000001732cd69920 Exception <a 'java/lang/NoSuchMethodError'{0x00000000cc4dd700}: 'java.lang.Object java.lang.invoke.DirectMethodHandle$Holder.invokeStaticInit(java.lang.Object, java.lang.Object, long, java.lang.Object)'> (0x00000000cc4dd700) 
thrown [s\open\src\hotspot\share\interpreter\linkResolver.cpp, line 759]
Event: 4.813 Thread 0x000001732cd69920 Exception <a 'java/lang/NoSuchMethodError'{0x00000000cc4e40d0}: 'java.lang.Object java.lang.invoke.DirectMethodHandle$Holder.newInvokeSpecial(java.lang.Object, java.lang.Object, long)'> (0x00000000cc4e40d0) 
thrown [s\open\src\hotspot\share\interpreter\linkResolver.cpp, line 759]
Event: 4.813 Thread 0x000001732cd69920 Exception <a 'java/lang/NoSuchMethodError'{0x00000000cc4e7c40}: 'java.lang.Object java.lang.invoke.Invokers$Holder.linkToTargetMethod(java.lang.Object, long, java.lang.Object)'> (0x00000000cc4e7c40) 
thrown [s\open\src\hotspot\share\interpreter\linkResolver.cpp, line 759]
Event: 4.863 Thread 0x000001732cd69920 Exception <a 'java/lang/NoSuchMethodError'{0x00000000cc340730}: 'void java.lang.invoke.DirectMethodHandle$Holder.invokeVirtual(java.lang.Object, java.lang.Object, java.lang.Object, java.lang.Object)'> (0x00000000cc340730) 
thrown [s\open\src\hotspot\share\interpreter\linkResolver.cpp, line 759]
Event: 5.100 Thread 0x000001732cd69920 Exception <a 'java/lang/NoSuchMethodError'{0x00000000cc2a21b0}: 'void java.lang.invoke.DirectMethodHandle$Holder.invokeSpecial(java.lang.Object, java.lang.Object, java.lang.Object)'> (0x00000000cc2a21b0) 
thrown [s\open\src\hotspot\share\interpreter\linkResolver.cpp, line 759]
Event: 5.110 Thread 0x000001732cd69920 Exception <a 'java/lang/IncompatibleClassChangeError'{0x00000000cc2d25c8}: Found class java.lang.Object, but interface was expected> (0x00000000cc2d25c8) 
thrown [s\open\src\hotspot\share\interpreter\linkResolver.cpp, line 826]
Event: 5.139 Thread 0x000001732ce2d220 Exception <a 'java/lang/NoClassDefFoundError'{0x00000000cc2f5d98}: jakarta/validation/Validation> (0x00000000cc2f5d98) 
thrown [s\open\src\hotspot\share\classfile\systemDictionary.cpp, line 245]
Event: 5.140 Thread 0x000001732ce2d220 Exception <a 'java/lang/NoClassDefFoundError'{0x00000000cc2f9290}: org/springframework/http/converter/support/AllEncompassingFormHttpMessageConverter> (0x00000000cc2f9290) 
thrown [s\open\src\hotspot\share\classfile\systemDictionary.cpp, line 245]
Event: 5.149 Thread 0x000001732ce2d220 Exception <a 'java/lang/NoClassDefFoundError'{0x00000000cc14df80}: org/springframework/http/converter/json/Jackson2ObjectMapperBuilder> (0x00000000cc14df80) 
thrown [s\open\src\hotspot\share\classfile\systemDictionary.cpp, line 245]
Event: 5.328 Thread 0x000001732ce2d220 Exception <a 'java/lang/NoClassDefFoundError'{0x00000000cc152fd8}: org/apache/tomcat/util/http/Rfc6265CookieProcessor> (0x00000000cc152fd8) 
thrown [s\open\src\hotspot\share\classfile\systemDictionary.cpp, line 245]

VM Operations (20 events):
Event: 1.255 Executing VM operation: HandshakeAllThreads
Event: 1.255 Executing VM operation: HandshakeAllThreads done
Event: 2.255 Executing VM operation: Cleanup
Event: 2.255 Executing VM operation: Cleanup done
Event: 3.263 Executing VM operation: Cleanup
Event: 3.263 Executing VM operation: Cleanup done
Event: 3.649 Executing VM operation: G1CollectForAllocation
Event: 3.655 Executing VM operation: G1CollectForAllocation done
Event: 3.841 Executing VM operation: HandshakeAllThreads
Event: 3.841 Executing VM operation: HandshakeAllThreads done
Event: 4.524 Executing VM operation: HandshakeAllThreads
Event: 4.524 Executing VM operation: HandshakeAllThreads done
Event: 5.097 Executing VM operation: HandshakeAllThreads
Event: 5.097 Executing VM operation: HandshakeAllThreads done
Event: 5.097 Executing VM operation: Cleanup
Event: 5.097 Executing VM operation: Cleanup done
Event: 5.097 Executing VM operation: HandshakeAllThreads
Event: 5.097 Executing VM operation: HandshakeAllThreads done
Event: 5.688 Executing VM operation: G1CollectForAllocation
Event: 5.696 Executing VM operation: G1CollectForAllocation done

Events (20 events):
Event: 5.945 loading class jdk/internal/reflect/ByteVector done
Event: 5.945 loading class jdk/internal/reflect/ByteVectorImpl done
Event: 5.945 loading class jdk/internal/reflect/ClassFileAssembler
Event: 5.945 loading class jdk/internal/reflect/ClassFileAssembler done
Event: 5.945 loading class jdk/internal/reflect/UTF8
Event: 5.945 loading class jdk/internal/reflect/UTF8 done
Event: 5.945 loading class jdk/internal/reflect/Label
Event: 5.945 loading class jdk/internal/reflect/Label done
Event: 5.945 loading class jdk/internal/reflect/Label$PatchInfo
Event: 5.945 loading class jdk/internal/reflect/Label$PatchInfo done
Event: 5.946 loading class jdk/internal/reflect/MethodAccessorGenerator$1
Event: 5.946 loading class jdk/internal/reflect/MethodAccessorGenerator$1 done
Event: 5.946 loading class jdk/internal/reflect/ClassDefiner
Event: 5.946 loading class jdk/internal/reflect/ClassDefiner done
Event: 5.946 loading class jdk/internal/reflect/ClassDefiner$1
Event: 5.946 loading class jdk/internal/reflect/ClassDefiner$1 done
Event: 5.946 loading class jdk/internal/reflect/BootstrapConstructorAccessorImpl
Event: 5.946 loading class jdk/internal/reflect/BootstrapConstructorAccessorImpl done
Event: 5.959 loading class java/lang/annotation/Repeatable
Event: 5.959 loading class java/lang/annotation/Repeatable done


Dynamic libraries:
0x00007ff77e530000 - 0x00007ff77e540000 	C:\Program Files\Java\jdk-17\bin\java.exe
0x00007ffe8a5f0000 - 0x00007ffe8a7e8000 	C:\Windows\SYSTEM32\ntdll.dll
0x00007ffe89be0000 - 0x00007ffe89ca2000 	C:\Windows\System32\KERNEL32.DLL
0x00007ffe880f0000 - 0x00007ffe883ee000 	C:\Windows\System32\KERNELBASE.dll
0x00007ffe87e60000 - 0x00007ffe87f60000 	C:\Windows\System32\ucrtbase.dll
0x00007ffe72e40000 - 0x00007ffe72e5b000 	C:\Program Files\Java\jdk-17\bin\VCRUNTIME140.dll
0x00007ffe707f0000 - 0x00007ffe70809000 	C:\Program Files\Java\jdk-17\bin\jli.dll
0x00007ffe897e0000 - 0x00007ffe89892000 	C:\Windows\System32\ADVAPI32.dll
0x00007ffe89a90000 - 0x00007ffe89b2e000 	C:\Windows\System32\msvcrt.dll
0x00007ffe89280000 - 0x00007ffe89320000 	C:\Windows\System32\sechost.dll
0x00007ffe8a420000 - 0x00007ffe8a543000 	C:\Windows\System32\RPCRT4.dll
0x00007ffe87c90000 - 0x00007ffe87cb7000 	C:\Windows\System32\bcrypt.dll
0x00007ffe89640000 - 0x00007ffe897dd000 	C:\Windows\System32\USER32.dll
0x00007ffe87f60000 - 0x00007ffe87f82000 	C:\Windows\System32\win32u.dll
0x00007ffe6cca0000 - 0x00007ffe6cf3a000 	C:\Windows\WinSxS\amd64_microsoft.windows.common-controls_6595b64144ccf1df_6.0.19041.4355_none_60b8b9eb71f62e16\COMCTL32.dll
0x00007ffe89470000 - 0x00007ffe8949b000 	C:\Windows\System32\GDI32.dll
0x00007ffe884f0000 - 0x00007ffe88607000 	C:\Windows\System32\gdi32full.dll
0x00007ffe87dc0000 - 0x00007ffe87e5d000 	C:\Windows\System32\msvcp_win.dll
0x00007ffe796b0000 - 0x00007ffe796ba000 	C:\Windows\SYSTEM32\VERSION.dll
0x00007ffe899f0000 - 0x00007ffe89a1f000 	C:\Windows\System32\IMM32.DLL
0x00007ffe83430000 - 0x00007ffe8343c000 	C:\Program Files\Java\jdk-17\bin\vcruntime140_1.dll
0x00007ffe65510000 - 0x00007ffe6559e000 	C:\Program Files\Java\jdk-17\bin\msvcp140.dll
0x00007ffe2f8a0000 - 0x00007ffe30480000 	C:\Program Files\Java\jdk-17\bin\server\jvm.dll
0x00007ffe898a0000 - 0x00007ffe898a8000 	C:\Windows\System32\PSAPI.DLL
0x00007ffe7e300000 - 0x00007ffe7e309000 	C:\Windows\SYSTEM32\WSOCK32.dll
0x00007ffe80fe0000 - 0x00007ffe81007000 	C:\Windows\SYSTEM32\WINMM.dll
0x00007ffe89a20000 - 0x00007ffe89a8b000 	C:\Windows\System32\WS2_32.dll
0x00007ffe85cf0000 - 0x00007ffe85d02000 	C:\Windows\SYSTEM32\kernel.appcore.dll
0x00007ffe75a70000 - 0x00007ffe75a7a000 	C:\Program Files\Java\jdk-17\bin\jimage.dll
0x00007ffe85990000 - 0x00007ffe85b74000 	C:\Windows\SYSTEM32\DBGHELP.DLL
0x00007ffe72fb0000 - 0x00007ffe72fe4000 	C:\Windows\SYSTEM32\dbgcore.DLL
0x00007ffe883f0000 - 0x00007ffe88472000 	C:\Windows\System32\bcryptPrimitives.dll
0x00007ffe759d0000 - 0x00007ffe759de000 	C:\Program Files\Java\jdk-17\bin\instrument.dll
0x00007ffe68370000 - 0x00007ffe68395000 	C:\Program Files\Java\jdk-17\bin\java.dll
0x00007ffe3e170000 - 0x00007ffe3e247000 	C:\Program Files\Java\jdk-17\bin\jsvml.dll
0x00007ffe89cb0000 - 0x00007ffe8a41f000 	C:\Windows\System32\SHELL32.dll
0x00007ffe85d10000 - 0x00007ffe864b4000 	C:\Windows\SYSTEM32\windows.storage.dll
0x00007ffe88a80000 - 0x00007ffe88dd3000 	C:\Windows\System32\combase.dll
0x00007ffe876c0000 - 0x00007ffe876ee000 	C:\Windows\SYSTEM32\Wldp.dll
0x00007ffe89150000 - 0x00007ffe8921d000 	C:\Windows\System32\OLEAUT32.dll
0x00007ffe89940000 - 0x00007ffe899ed000 	C:\Windows\System32\SHCORE.dll
0x00007ffe8a550000 - 0x00007ffe8a5a5000 	C:\Windows\System32\shlwapi.dll
0x00007ffe87bc0000 - 0x00007ffe87be4000 	C:\Windows\SYSTEM32\profapi.dll
0x00007ffe68330000 - 0x00007ffe68348000 	C:\Program Files\Java\jdk-17\bin\zip.dll
0x00007ffe688d0000 - 0x00007ffe688e9000 	C:\Program Files\Java\jdk-17\bin\net.dll
0x00007ffe82ed0000 - 0x00007ffe82fdd000 	C:\Windows\SYSTEM32\WINHTTP.dll
0x00007ffe87420000 - 0x00007ffe8748a000 	C:\Windows\system32\mswsock.dll
0x00007ffe68350000 - 0x00007ffe68366000 	C:\Program Files\Java\jdk-17\bin\nio.dll
0x00007ffe75820000 - 0x00007ffe7583a000 	C:\Program Files\JetBrains\IntelliJ IDEA Community Edition 2024.2.2\bin\breakgen64.dll

dbghelp: loaded successfully - version: 4.0.5 - missing functions: none
symbol engine: initialized successfully - sym options: 0x614 - pdb path: .;C:\Program Files\Java\jdk-17\bin;C:\Windows\SYSTEM32;C:\Windows\WinSxS\amd64_microsoft.windows.common-controls_6595b64144ccf1df_6.0.19041.4355_none_60b8b9eb71f62e16;C:\Program Files\Java\jdk-17\bin\server;C:\Program Files\JetBrains\IntelliJ IDEA Community Edition 2024.2.2\bin

VM Arguments:
jvm_args: -javaagent:C:\Program Files\JetBrains\IntelliJ IDEA Community Edition 2024.2.2\lib\idea_rt.jar=54952:C:\Program Files\JetBrains\IntelliJ IDEA Community Edition 2024.2.2\bin -Dfile.encoding=UTF-8 
java_command: com.alura.LiterAlura.LiterAluraApplication
java_class_path (initial): C:\Users\LENOVO\Desktop\programacion_curso\LiterAlura\target\classes;C:\Users\LENOVO\.m2\repository\org\springframework\boot\spring-boot-starter\3.3.5\spring-boot-starter-3.3.5.jar;C:\Users\LENOVO\.m2\repository\org\springframework\boot\spring-boot\3.3.5\spring-boot-3.3.5.jar;C:\Users\LENOVO\.m2\repository\org\springframework\spring-context\6.1.14\spring-context-6.1.14.jar;C:\Users\LENOVO\.m2\repository\org\springframework\spring-aop\6.1.14\spring-aop-6.1.14.jar;C:\Users\LENOVO\.m2\repository\org\springframework\spring-beans\6.1.14\spring-beans-6.1.14.jar;C:\Users\LENOVO\.m2\repository\org\springframework\spring-expression\6.1.14\spring-expression-6.1.14.jar;C:\Users\LENOVO\.m2\repository\io\micrometer\micrometer-observation\1.13.6\micrometer-observation-1.13.6.jar;C:\Users\LENOVO\.m2\repository\io\micrometer\micrometer-commons\1.13.6\micrometer-commons-1.13.6.jar;C:\Users\LENOVO\.m2\repository\org\springframework\boot\spring-boot-autoconfigure\3.3.5\spring-boot-autoconfigure-3.3.5.jar;C:\Users\LENOVO\.m2\repository\org\springframework\boot\spring-boot-starter-logging\3.3.5\spring-boot-starter-logging-3.3.5.jar;C:\Users\LENOVO\.m2\repository\ch\qos\logback\logback-classic\1.5.11\logback-classic-1.5.11.jar;C:\Users\LENOVO\.m2\repository\ch\qos\logback\logback-core\1.5.11\logback-core-1.5.11.jar;C:\Users\LENOVO\.m2\repository\org\apache\logging\log4j\log4j-to-slf4j\2.23.1\log4j-to-slf4j-2.23.1.jar;C:\Users\LENOVO\.m2\repository\org\apache\logging\log4j\log4j-api\2.23.1\log4j-api-2.23.1.jar;C:\Users\LENOVO\.m2\repository\org\slf4j\jul-to-slf4j\2.0.16\jul-to-slf4j-2.0.16.jar;C:\Users\LENOVO\.m2\repository\jakarta\annotation\jakarta.annotation-api\2.1.1\jakarta.annotation-api-2.1.1.jar;C:\Users\LENOVO\.m2\repository\org\springframework\spring-core\6.1.14\spring-core-6.1.14.jar;C:\Users\LENOVO\.m2\repository\org\springframework\spring-jcl\6.1.14\spring-jcl-6.1.14.jar;C:\Users\LENOVO\.m2\repository\org\yaml\snakeyaml\2.2\snakeyaml-2.2.jar;C:\Us
Launcher Type: SUN_STANDARD

[Global flags]
     intx CICompilerCount                          = 3                                         {product} {ergonomic}
     uint ConcGCThreads                            = 1                                         {product} {ergonomic}
     uint G1ConcRefinementThreads                  = 4                                         {product} {ergonomic}
   size_t G1HeapRegionSize                         = 1048576                                   {product} {ergonomic}
    uintx GCDrainStackTargetSize                   = 64                                        {product} {ergonomic}
   size_t InitialHeapSize                          = 58720256                                  {product} {ergonomic}
   size_t MarkStackSize                            = 4194304                                   {product} {ergonomic}
   size_t MaxHeapSize                              = 916455424                                 {product} {ergonomic}
   size_t MaxNewSize                               = 549453824                                 {product} {ergonomic}
   size_t MinHeapDeltaBytes                        = 1048576                                   {product} {ergonomic}
   size_t MinHeapSize                              = 8388608                                   {product} {ergonomic}
    uintx NonNMethodCodeHeapSize                   = 5832780                                {pd product} {ergonomic}
    uintx NonProfiledCodeHeapSize                  = 122912730                              {pd product} {ergonomic}
    uintx ProfiledCodeHeapSize                     = 122912730                              {pd product} {ergonomic}
    uintx ReservedCodeCacheSize                    = 251658240                              {pd product} {ergonomic}
     bool SegmentedCodeCache                       = true                                      {product} {ergonomic}
   size_t SoftMaxHeapSize                          = 916455424                              {manageable} {ergonomic}
     bool UseCompressedClassPointers               = true                           {product lp64_product} {ergonomic}
     bool UseCompressedOops                        = true                           {product lp64_product} {ergonomic}
     bool UseG1GC                                  = true                                      {product} {ergonomic}
     bool UseLargePagesIndividualAllocation        = false                                  {pd product} {ergonomic}

Logging:
Log output configuration:
 #0: stdout all=warning uptime,level,tags
 #1: stderr all=off uptime,level,tags

Environment Variables:
PATH=C:\Program Files\Common Files\Oracle\Java\javapath;C:\Windows\system32;C:\Windows;C:\Windows\System32\Wbem;C:\Windows\System32\WindowsPowerShell\v1.0\;C:\Windows\System32\OpenSSH\;C:\Program Files\Git\cmd;C:\Users\LENOVO\AppData\Local\Programs\Python\Python312\Scripts;C:\Program Files\nodejs;C:\Users\LENOVO\AppData\Local\Programs\Python\Python312\Scripts\python.exe;C:\Users\LENOVO\AppData\Local\Programs\Microsoft VS Code\bin;C:\Program Files\Java\jdk-17\bin;C:\Program Files\JetBrains\IntelliJ IDEA Community Edition 2024.2.2\bin;;C:\Program Files\Firebird\Firebird_3_0;
USERNAME=LENOVO
OS=Windows_NT
PROCESSOR_IDENTIFIER=Intel64 Family 6 Model 60 Stepping 3, GenuineIntel



---------------  S Y S T E M  ---------------

OS:
 Windows 10 , 64 bit Build 19041 (10.0.19041.4957)
OS uptime: 1 days 6:29 hours

CPU: total 4 (initial active 4) (2 cores per cpu, 2 threads per core) family 6 model 60 stepping 3 microcode 0x27, cx8, cmov, fxsr, ht, mmx, sse, sse2, sse3, ssse3, sse4.1, sse4.2, popcnt, lzcnt, tsc, tscinvbit, avx, avx2, aes, erms, clmul, bmi1, bmi2, fma, vzeroupper, clflush

Memory: 4k page, system-wide physical 3491M (342M free)
TotalPageFile size 7587M (AvailPageFile size 0M)
current process WorkingSet (physical memory assigned to process): 79M, peak: 79M
current process commit charge ("private bytes"): 147M, peak: 147M

vm_info: Java HotSpot(TM) 64-Bit Server VM (17.0.12+8-LTS-286) for windows-amd64 JRE (17.0.12+8-LTS-286), built on Jun  5 2024 06:46:59 by "mach5one" with MS VC++ 17.6 (VS2022)

END.
